<?xml version="1.0" encoding="UTF-8"?>
<testsuite xmlns:xsi="http://www.w3.org/2001/XMLSchema-instance" xsi:noNamespaceSchemaLocation="https://maven.apache.org/surefire/maven-surefire-plugin/xsd/surefire-test-report.xsd" name="TestSuite" time="50.785" tests="24" errors="0" skipped="0" failures="2">
  <properties>
    <property name="java.specification.version" value="21"/>
    <property name="sun.jnu.encoding" value="UTF-8"/>
    <property name="java.class.path" value="/home/dj/eclipse-workspace/com.petstore/target/test-classes:/home/dj/eclipse-workspace/com.petstore/target/classes:/home/dj/.m2/repository/org/slf4j/slf4j-simple/1.7.36/slf4j-simple-1.7.36.jar:/home/dj/.m2/repository/org/slf4j/slf4j-api/1.7.36/slf4j-api-1.7.36.jar:/home/dj/.m2/repository/org/apache/logging/log4j/log4j-api/2.20.0/log4j-api-2.20.0.jar:/home/dj/.m2/repository/com/aventstack/extentreports/5.0.9/extentreports-5.0.9.jar:/home/dj/.m2/repository/io/reactivex/rxjava3/rxjava/3.0.4/rxjava-3.0.4.jar:/home/dj/.m2/repository/org/reactivestreams/reactive-streams/1.0.3/reactive-streams-1.0.3.jar:/home/dj/.m2/repository/org/freemarker/freemarker/2.3.30/freemarker-2.3.30.jar:/home/dj/.m2/repository/org/projectlombok/lombok/1.18.12/lombok-1.18.12.jar:/home/dj/.m2/repository/org/apache/logging/log4j/log4j-core/2.20.0/log4j-core-2.20.0.jar:/home/dj/.m2/repository/org/apache/poi/poi-ooxml/5.2.3/poi-ooxml-5.2.3.jar:/home/dj/.m2/repository/org/apache/poi/poi/5.2.3/poi-5.2.3.jar:/home/dj/.m2/repository/commons-codec/commons-codec/1.15/commons-codec-1.15.jar:/home/dj/.m2/repository/org/apache/commons/commons-math3/3.6.1/commons-math3-3.6.1.jar:/home/dj/.m2/repository/com/zaxxer/SparseBitSet/1.2/SparseBitSet-1.2.jar:/home/dj/.m2/repository/org/apache/poi/poi-ooxml-lite/5.2.3/poi-ooxml-lite-5.2.3.jar:/home/dj/.m2/repository/org/apache/xmlbeans/xmlbeans/5.1.1/xmlbeans-5.1.1.jar:/home/dj/.m2/repository/org/apache/commons/commons-compress/1.21/commons-compress-1.21.jar:/home/dj/.m2/repository/commons-io/commons-io/2.11.0/commons-io-2.11.0.jar:/home/dj/.m2/repository/com/github/virtuald/curvesapi/1.07/curvesapi-1.07.jar:/home/dj/.m2/repository/org/apache/commons/commons-collections4/4.4/commons-collections4-4.4.jar:/home/dj/.m2/repository/com/github/javafaker/javafaker/1.0.2/javafaker-1.0.2.jar:/home/dj/.m2/repository/org/apache/commons/commons-lang3/3.5/commons-lang3-3.5.jar:/home/dj/.m2/repository/org/yaml/snakeyaml/1.23/snakeyaml-1.23-android.jar:/home/dj/.m2/repository/com/github/mifmif/generex/1.0.2/generex-1.0.2.jar:/home/dj/.m2/repository/dk/brics/automaton/automaton/1.11-8/automaton-1.11-8.jar:/home/dj/.m2/repository/io/rest-assured/rest-assured/5.4.0/rest-assured-5.4.0.jar:/home/dj/.m2/repository/org/apache/groovy/groovy/4.0.16/groovy-4.0.16.jar:/home/dj/.m2/repository/org/apache/groovy/groovy-xml/4.0.16/groovy-xml-4.0.16.jar:/home/dj/.m2/repository/org/apache/httpcomponents/httpclient/4.5.13/httpclient-4.5.13.jar:/home/dj/.m2/repository/org/apache/httpcomponents/httpcore/4.4.13/httpcore-4.4.13.jar:/home/dj/.m2/repository/commons-logging/commons-logging/1.2/commons-logging-1.2.jar:/home/dj/.m2/repository/org/apache/httpcomponents/httpmime/4.5.13/httpmime-4.5.13.jar:/home/dj/.m2/repository/org/hamcrest/hamcrest/2.2/hamcrest-2.2.jar:/home/dj/.m2/repository/org/ccil/cowan/tagsoup/tagsoup/1.2.1/tagsoup-1.2.1.jar:/home/dj/.m2/repository/io/rest-assured/json-path/5.4.0/json-path-5.4.0.jar:/home/dj/.m2/repository/org/apache/groovy/groovy-json/4.0.16/groovy-json-4.0.16.jar:/home/dj/.m2/repository/io/rest-assured/rest-assured-common/5.4.0/rest-assured-common-5.4.0.jar:/home/dj/.m2/repository/io/rest-assured/xml-path/5.4.0/xml-path-5.4.0.jar:/home/dj/.m2/repository/com/jayway/jsonpath/json-path/2.9.0/json-path-2.9.0.jar:/home/dj/.m2/repository/net/minidev/json-smart/2.5.0/json-smart-2.5.0.jar:/home/dj/.m2/repository/net/minidev/accessors-smart/2.5.0/accessors-smart-2.5.0.jar:/home/dj/.m2/repository/org/ow2/asm/asm/9.3/asm-9.3.jar:/home/dj/.m2/repository/org/json/json/20240303/json-20240303.jar:/home/dj/.m2/repository/com/google/code/gson/gson/2.11.0/gson-2.11.0.jar:/home/dj/.m2/repository/com/google/errorprone/error_prone_annotations/2.27.0/error_prone_annotations-2.27.0.jar:/home/dj/.m2/repository/org/testng/testng/7.10.2/testng-7.10.2.jar:/home/dj/.m2/repository/com/beust/jcommander/1.82/jcommander-1.82.jar:/home/dj/.m2/repository/org/webjars/jquery/3.7.1/jquery-3.7.1.jar:/home/dj/.m2/repository/com/github/scribejava/scribejava-apis/8.3.3/scribejava-apis-8.3.3.jar:/home/dj/.m2/repository/com/github/scribejava/scribejava-core/8.3.3/scribejava-core-8.3.3.jar:/home/dj/.m2/repository/com/github/scribejava/scribejava-java8/8.3.3/scribejava-java8-8.3.3.jar:/home/dj/.m2/repository/com/fasterxml/jackson/core/jackson-databind/2.14.0/jackson-databind-2.14.0.jar:/home/dj/.m2/repository/com/fasterxml/jackson/core/jackson-annotations/2.14.0/jackson-annotations-2.14.0.jar:/home/dj/.m2/repository/com/fasterxml/jackson/core/jackson-core/2.14.0/jackson-core-2.14.0.jar:/home/dj/.m2/repository/io/rest-assured/json-schema-validator/5.5.0/json-schema-validator-5.5.0.jar:/home/dj/.m2/repository/com/github/java-json-tools/json-schema-validator/2.2.14/json-schema-validator-2.2.14.jar:/home/dj/.m2/repository/com/github/java-json-tools/jackson-coreutils-equivalence/1.0/jackson-coreutils-equivalence-1.0.jar:/home/dj/.m2/repository/com/github/java-json-tools/jackson-coreutils/2.0/jackson-coreutils-2.0.jar:/home/dj/.m2/repository/com/github/java-json-tools/msg-simple/1.2/msg-simple-1.2.jar:/home/dj/.m2/repository/com/github/java-json-tools/btf/1.3/btf-1.3.jar:/home/dj/.m2/repository/com/github/java-json-tools/json-schema-core/1.2.14/json-schema-core-1.2.14.jar:/home/dj/.m2/repository/com/github/java-json-tools/uri-template/0.10/uri-template-0.10.jar:/home/dj/.m2/repository/org/mozilla/rhino/1.7.7.2/rhino-1.7.7.2.jar:/home/dj/.m2/repository/com/sun/mail/mailapi/1.6.2/mailapi-1.6.2.jar:/home/dj/.m2/repository/joda-time/joda-time/2.10.5/joda-time-2.10.5.jar:/home/dj/.m2/repository/com/googlecode/libphonenumber/libphonenumber/8.11.1/libphonenumber-8.11.1.jar:/home/dj/.m2/repository/com/google/code/findbugs/jsr305/3.0.2/jsr305-3.0.2.jar:/home/dj/.m2/repository/net/sf/jopt-simple/jopt-simple/5.0.4/jopt-simple-5.0.4.jar:/home/dj/.m2/repository/com/google/guava/guava/33.2.1-jre/guava-33.2.1-jre.jar:/home/dj/.m2/repository/com/google/guava/failureaccess/1.0.2/failureaccess-1.0.2.jar:/home/dj/.m2/repository/com/google/guava/listenablefuture/9999.0-empty-to-avoid-conflict-with-guava/listenablefuture-9999.0-empty-to-avoid-conflict-with-guava.jar:/home/dj/.m2/repository/org/checkerframework/checker-qual/3.42.0/checker-qual-3.42.0.jar:/home/dj/.m2/repository/com/google/j2objc/j2objc-annotations/3.0.0/j2objc-annotations-3.0.0.jar:/home/dj/.m2/repository/xml-apis/xml-apis/1.0.b2/xml-apis-1.0.b2.jar:"/>
    <property name="java.vm.vendor" value="Eclipse Adoptium"/>
    <property name="sun.arch.data.model" value="64"/>
    <property name="java.vendor.url" value="https://adoptium.net/"/>
    <property name="os.name" value="Linux"/>
    <property name="java.vm.specification.version" value="21"/>
    <property name="sun.java.launcher" value="SUN_STANDARD"/>
    <property name="user.country" value="IN"/>
    <property name="sun.boot.library.path" value="/snap/eclipse/101/plugins/org.eclipse.justj.openjdk.hotspot.jre.full.linux.x86_64_21.0.4.v20240802-1551/jre/lib"/>
    <property name="sun.java.command" value="/home/dj/eclipse-workspace/com.petstore/target/surefire/surefirebooter1792645070438650802.jar /home/dj/eclipse-workspace/com.petstore/target/surefire 2024-11-08T10-29-41_417-jvmRun1 surefire15812408801657815952tmp surefire_07188791628079615418tmp"/>
    <property name="jdk.debug" value="release"/>
    <property name="surefire.test.class.path" value="/home/dj/eclipse-workspace/com.petstore/target/test-classes:/home/dj/eclipse-workspace/com.petstore/target/classes:/home/dj/.m2/repository/org/slf4j/slf4j-simple/1.7.36/slf4j-simple-1.7.36.jar:/home/dj/.m2/repository/org/slf4j/slf4j-api/1.7.36/slf4j-api-1.7.36.jar:/home/dj/.m2/repository/org/apache/logging/log4j/log4j-api/2.20.0/log4j-api-2.20.0.jar:/home/dj/.m2/repository/com/aventstack/extentreports/5.0.9/extentreports-5.0.9.jar:/home/dj/.m2/repository/io/reactivex/rxjava3/rxjava/3.0.4/rxjava-3.0.4.jar:/home/dj/.m2/repository/org/reactivestreams/reactive-streams/1.0.3/reactive-streams-1.0.3.jar:/home/dj/.m2/repository/org/freemarker/freemarker/2.3.30/freemarker-2.3.30.jar:/home/dj/.m2/repository/org/projectlombok/lombok/1.18.12/lombok-1.18.12.jar:/home/dj/.m2/repository/org/apache/logging/log4j/log4j-core/2.20.0/log4j-core-2.20.0.jar:/home/dj/.m2/repository/org/apache/poi/poi-ooxml/5.2.3/poi-ooxml-5.2.3.jar:/home/dj/.m2/repository/org/apache/poi/poi/5.2.3/poi-5.2.3.jar:/home/dj/.m2/repository/commons-codec/commons-codec/1.15/commons-codec-1.15.jar:/home/dj/.m2/repository/org/apache/commons/commons-math3/3.6.1/commons-math3-3.6.1.jar:/home/dj/.m2/repository/com/zaxxer/SparseBitSet/1.2/SparseBitSet-1.2.jar:/home/dj/.m2/repository/org/apache/poi/poi-ooxml-lite/5.2.3/poi-ooxml-lite-5.2.3.jar:/home/dj/.m2/repository/org/apache/xmlbeans/xmlbeans/5.1.1/xmlbeans-5.1.1.jar:/home/dj/.m2/repository/org/apache/commons/commons-compress/1.21/commons-compress-1.21.jar:/home/dj/.m2/repository/commons-io/commons-io/2.11.0/commons-io-2.11.0.jar:/home/dj/.m2/repository/com/github/virtuald/curvesapi/1.07/curvesapi-1.07.jar:/home/dj/.m2/repository/org/apache/commons/commons-collections4/4.4/commons-collections4-4.4.jar:/home/dj/.m2/repository/com/github/javafaker/javafaker/1.0.2/javafaker-1.0.2.jar:/home/dj/.m2/repository/org/apache/commons/commons-lang3/3.5/commons-lang3-3.5.jar:/home/dj/.m2/repository/org/yaml/snakeyaml/1.23/snakeyaml-1.23-android.jar:/home/dj/.m2/repository/com/github/mifmif/generex/1.0.2/generex-1.0.2.jar:/home/dj/.m2/repository/dk/brics/automaton/automaton/1.11-8/automaton-1.11-8.jar:/home/dj/.m2/repository/io/rest-assured/rest-assured/5.4.0/rest-assured-5.4.0.jar:/home/dj/.m2/repository/org/apache/groovy/groovy/4.0.16/groovy-4.0.16.jar:/home/dj/.m2/repository/org/apache/groovy/groovy-xml/4.0.16/groovy-xml-4.0.16.jar:/home/dj/.m2/repository/org/apache/httpcomponents/httpclient/4.5.13/httpclient-4.5.13.jar:/home/dj/.m2/repository/org/apache/httpcomponents/httpcore/4.4.13/httpcore-4.4.13.jar:/home/dj/.m2/repository/commons-logging/commons-logging/1.2/commons-logging-1.2.jar:/home/dj/.m2/repository/org/apache/httpcomponents/httpmime/4.5.13/httpmime-4.5.13.jar:/home/dj/.m2/repository/org/hamcrest/hamcrest/2.2/hamcrest-2.2.jar:/home/dj/.m2/repository/org/ccil/cowan/tagsoup/tagsoup/1.2.1/tagsoup-1.2.1.jar:/home/dj/.m2/repository/io/rest-assured/json-path/5.4.0/json-path-5.4.0.jar:/home/dj/.m2/repository/org/apache/groovy/groovy-json/4.0.16/groovy-json-4.0.16.jar:/home/dj/.m2/repository/io/rest-assured/rest-assured-common/5.4.0/rest-assured-common-5.4.0.jar:/home/dj/.m2/repository/io/rest-assured/xml-path/5.4.0/xml-path-5.4.0.jar:/home/dj/.m2/repository/com/jayway/jsonpath/json-path/2.9.0/json-path-2.9.0.jar:/home/dj/.m2/repository/net/minidev/json-smart/2.5.0/json-smart-2.5.0.jar:/home/dj/.m2/repository/net/minidev/accessors-smart/2.5.0/accessors-smart-2.5.0.jar:/home/dj/.m2/repository/org/ow2/asm/asm/9.3/asm-9.3.jar:/home/dj/.m2/repository/org/json/json/20240303/json-20240303.jar:/home/dj/.m2/repository/com/google/code/gson/gson/2.11.0/gson-2.11.0.jar:/home/dj/.m2/repository/com/google/errorprone/error_prone_annotations/2.27.0/error_prone_annotations-2.27.0.jar:/home/dj/.m2/repository/org/testng/testng/7.10.2/testng-7.10.2.jar:/home/dj/.m2/repository/com/beust/jcommander/1.82/jcommander-1.82.jar:/home/dj/.m2/repository/org/webjars/jquery/3.7.1/jquery-3.7.1.jar:/home/dj/.m2/repository/com/github/scribejava/scribejava-apis/8.3.3/scribejava-apis-8.3.3.jar:/home/dj/.m2/repository/com/github/scribejava/scribejava-core/8.3.3/scribejava-core-8.3.3.jar:/home/dj/.m2/repository/com/github/scribejava/scribejava-java8/8.3.3/scribejava-java8-8.3.3.jar:/home/dj/.m2/repository/com/fasterxml/jackson/core/jackson-databind/2.14.0/jackson-databind-2.14.0.jar:/home/dj/.m2/repository/com/fasterxml/jackson/core/jackson-annotations/2.14.0/jackson-annotations-2.14.0.jar:/home/dj/.m2/repository/com/fasterxml/jackson/core/jackson-core/2.14.0/jackson-core-2.14.0.jar:/home/dj/.m2/repository/io/rest-assured/json-schema-validator/5.5.0/json-schema-validator-5.5.0.jar:/home/dj/.m2/repository/com/github/java-json-tools/json-schema-validator/2.2.14/json-schema-validator-2.2.14.jar:/home/dj/.m2/repository/com/github/java-json-tools/jackson-coreutils-equivalence/1.0/jackson-coreutils-equivalence-1.0.jar:/home/dj/.m2/repository/com/github/java-json-tools/jackson-coreutils/2.0/jackson-coreutils-2.0.jar:/home/dj/.m2/repository/com/github/java-json-tools/msg-simple/1.2/msg-simple-1.2.jar:/home/dj/.m2/repository/com/github/java-json-tools/btf/1.3/btf-1.3.jar:/home/dj/.m2/repository/com/github/java-json-tools/json-schema-core/1.2.14/json-schema-core-1.2.14.jar:/home/dj/.m2/repository/com/github/java-json-tools/uri-template/0.10/uri-template-0.10.jar:/home/dj/.m2/repository/org/mozilla/rhino/1.7.7.2/rhino-1.7.7.2.jar:/home/dj/.m2/repository/com/sun/mail/mailapi/1.6.2/mailapi-1.6.2.jar:/home/dj/.m2/repository/joda-time/joda-time/2.10.5/joda-time-2.10.5.jar:/home/dj/.m2/repository/com/googlecode/libphonenumber/libphonenumber/8.11.1/libphonenumber-8.11.1.jar:/home/dj/.m2/repository/com/google/code/findbugs/jsr305/3.0.2/jsr305-3.0.2.jar:/home/dj/.m2/repository/net/sf/jopt-simple/jopt-simple/5.0.4/jopt-simple-5.0.4.jar:/home/dj/.m2/repository/com/google/guava/guava/33.2.1-jre/guava-33.2.1-jre.jar:/home/dj/.m2/repository/com/google/guava/failureaccess/1.0.2/failureaccess-1.0.2.jar:/home/dj/.m2/repository/com/google/guava/listenablefuture/9999.0-empty-to-avoid-conflict-with-guava/listenablefuture-9999.0-empty-to-avoid-conflict-with-guava.jar:/home/dj/.m2/repository/org/checkerframework/checker-qual/3.42.0/checker-qual-3.42.0.jar:/home/dj/.m2/repository/com/google/j2objc/j2objc-annotations/3.0.0/j2objc-annotations-3.0.0.jar:/home/dj/.m2/repository/xml-apis/xml-apis/1.0.b2/xml-apis-1.0.b2.jar:"/>
    <property name="sun.cpu.endian" value="little"/>
    <property name="user.home" value="/home/dj"/>
    <property name="user.language" value="en"/>
    <property name="java.specification.vendor" value="Oracle Corporation"/>
    <property name="java.version.date" value="2024-07-16"/>
    <property name="java.home" value="/snap/eclipse/101/plugins/org.eclipse.justj.openjdk.hotspot.jre.full.linux.x86_64_21.0.4.v20240802-1551/jre"/>
    <property name="file.separator" value="/"/>
    <property name="basedir" value="/home/dj/eclipse-workspace/com.petstore"/>
    <property name="style.color" value="always"/>
    <property name="java.vm.compressedOopsMode" value="32-bit"/>
    <property name="line.separator" value="&#10;"/>
    <property name="java.specification.name" value="Java Platform API Specification"/>
    <property name="java.vm.specification.vendor" value="Oracle Corporation"/>
    <property name="surefire.real.class.path" value="/home/dj/eclipse-workspace/com.petstore/target/surefire/surefirebooter1792645070438650802.jar"/>
    <property name="sun.management.compiler" value="HotSpot 64-Bit Tiered Compilers"/>
    <property name="java.runtime.version" value="21.0.4+7-LTS"/>
    <property name="user.name" value="dj"/>
    <property name="stdout.encoding" value="UTF-8"/>
    <property name="path.separator" value=":"/>
    <property name="os.version" value="6.8.0-48-generic"/>
    <property name="java.runtime.name" value="OpenJDK Runtime Environment"/>
    <property name="file.encoding" value="UTF-8"/>
    <property name="java.vm.name" value="OpenJDK 64-Bit Server VM"/>
    <property name="java.vendor.version" value="Temurin-21.0.4+7"/>
    <property name="localRepository" value="/home/dj/.m2/repository"/>
    <property name="java.vendor.url.bug" value="https://github.com/adoptium/adoptium-support/issues"/>
    <property name="java.io.tmpdir" value="/tmp"/>
    <property name="java.version" value="21.0.4"/>
    <property name="user.dir" value="/home/dj/eclipse-workspace/com.petstore"/>
    <property name="os.arch" value="amd64"/>
    <property name="java.vm.specification.name" value="Java Virtual Machine Specification"/>
    <property name="native.encoding" value="UTF-8"/>
    <property name="java.library.path" value="/usr/java/packages/lib:/usr/lib64:/lib64:/lib:/usr/lib"/>
    <property name="java.vm.info" value="mixed mode"/>
    <property name="stderr.encoding" value="UTF-8"/>
    <property name="java.vendor" value="Eclipse Adoptium"/>
    <property name="java.vm.version" value="21.0.4+7-LTS"/>
    <property name="sun.io.unicode.encoding" value="UnicodeLittle"/>
    <property name="java.class.version" value="65.0"/>
  </properties>
  <testcase name="testPostUser" classname="api.test.DataDrivenTests" time="5.55"/>
  <testcase name="testPostUser" classname="api.test.DataDrivenTests" time="1.309"/>
  <testcase name="testPostUser" classname="api.test.DataDrivenTests" time="1.332"/>
  <testcase name="testPostUser" classname="api.test.DataDrivenTests" time="1.259"/>
  <testcase name="testPostUser" classname="api.test.DataDrivenTests" time="1.3"/>
  <testcase name="testPostUser" classname="api.test.DataDrivenTests" time="1.345"/>
  <testcase name="testPostUser" classname="api.test.DataDrivenTests" time="1.626"/>
  <testcase name="testPostUser" classname="api.test.DataDrivenTests" time="1.283"/>
  <testcase name="testPostUser" classname="api.test.DataDrivenTests" time="1.319"/>
  <testcase name="testPostUser" classname="api.test.DataDrivenTests" time="0.064">
    <failure message="For input string: &quot;&quot;" type="java.lang.NumberFormatException">java.lang.NumberFormatException: For input string: ""
	at api.test.DataDrivenTests.testPostUser(DataDrivenTests.java:20)
</failure>
  </testcase>
  <testcase name="testDeleteUser" classname="api.test.DataDrivenTests" time="2.707"/>
  <testcase name="testDeleteUser" classname="api.test.DataDrivenTests" time="2.719"/>
  <testcase name="testDeleteUser" classname="api.test.DataDrivenTests" time="2.561"/>
  <testcase name="testDeleteUser" classname="api.test.DataDrivenTests" time="2.643"/>
  <testcase name="testDeleteUser" classname="api.test.DataDrivenTests" time="2.601"/>
  <testcase name="testDeleteUser" classname="api.test.DataDrivenTests" time="2.64"/>
  <testcase name="testDeleteUser" classname="api.test.DataDrivenTests" time="2.648"/>
  <testcase name="testDeleteUser" classname="api.test.DataDrivenTests" time="2.304"/>
  <testcase name="testDeleteUser" classname="api.test.DataDrivenTests" time="2.397"/>
  <testcase name="testDeleteUser" classname="api.test.DataDrivenTests" time="1.143">
    <failure message="User does not exist for deletion: " type="java.lang.AssertionError">java.lang.AssertionError: User does not exist for deletion: 
	at api.test.DataDrivenTests.testDeleteUser(DataDrivenTests.java:45)
</failure>
  </testcase>
  <testcase name="testPostUser" classname="api.test.UserTests" time="1.297"/>
  <testcase name="testGetUserByName" classname="api.test.UserTests" time="1.117"/>
  <testcase name="testUpdateUser" classname="api.test.UserTests" time="2.394"/>
  <testcase name="testDeleteUserByName" classname="api.test.UserTests" time="1.206"/>
</testsuite>