<?xml version="1.0" encoding="UTF-8"?>
<!-- Generated by org.testng.reporters.JUnitReportReporter -->
<testsuite hostname="dj-book" failures="0" tests="20" name="api.test.DataDrivenTests" time="40.132" errors="0" timestamp="2024-11-08T09:05:27 IST" skipped="0">
  <testcase classname="api.test.DataDrivenTests" name="testPostUser" time="1.066"/>
  <testcase classname="api.test.DataDrivenTests" name="testPostUser" time="1.116"/>
  <testcase classname="api.test.DataDrivenTests" name="testPostUser" time="1.134"/>
  <testcase classname="api.test.DataDrivenTests" name="testPostUser" time="1.122"/>
  <testcase classname="api.test.DataDrivenTests" name="testPostUser" time="1.083"/>
  <testcase classname="api.test.DataDrivenTests" name="testPostUser" time="1.096"/>
  <testcase classname="api.test.DataDrivenTests" name="testPostUser" time="3.605"/>
  <testcase classname="api.test.DataDrivenTests" name="testPostUser" time="1.103"/>
  <testcase classname="api.test.DataDrivenTests" name="testPostUser" time="1.262"/>
  <testcase classname="api.test.DataDrivenTests" name="testPostUser" time="1.110"/>
  <testcase classname="api.test.DataDrivenTests" name="testDeleteUser" time="3.172"/>
  <testcase classname="api.test.DataDrivenTests" name="testDeleteUser" time="2.585"/>
  <testcase classname="api.test.DataDrivenTests" name="testDeleteUser" time="2.860"/>
  <testcase classname="api.test.DataDrivenTests" name="testDeleteUser" time="2.373"/>
  <testcase classname="api.test.DataDrivenTests" name="testDeleteUser" time="3.175"/>
  <testcase classname="api.test.DataDrivenTests" name="testDeleteUser" time="2.665"/>
  <testcase classname="api.test.DataDrivenTests" name="testDeleteUser" time="2.336"/>
  <testcase classname="api.test.DataDrivenTests" name="testDeleteUser" time="2.744"/>
  <testcase classname="api.test.DataDrivenTests" name="testDeleteUser" time="2.342"/>
  <testcase classname="api.test.DataDrivenTests" name="testDeleteUser" time="2.183"/>
</testsuite> <!-- api.test.DataDrivenTests -->
