<?xml version="1.0" encoding="UTF-8"?>
<!-- Generated by org.testng.reporters.JUnitReportReporter -->
<testsuite hostname="dj-book" failures="0" tests="4" name="api.test.UserTestsUsingPropertiesFilesRoutes" time="9.505" errors="0" timestamp="2024-11-08T09:58:12 IST" skipped="0">
  <testcase classname="api.test.UserTestsUsingPropertiesFilesRoutes" name="testPostUser" time="4.312"/>
  <testcase classname="api.test.UserTestsUsingPropertiesFilesRoutes" name="testGetUserByName" time="1.317"/>
  <testcase classname="api.test.UserTestsUsingPropertiesFilesRoutes" name="testUpdateUser" time="2.638"/>
  <testcase classname="api.test.UserTestsUsingPropertiesFilesRoutes" name="testDeleteUserByName" time="1.238"/>
</testsuite> <!-- api.test.UserTestsUsingPropertiesFilesRoutes -->
