<?xml version="1.0" encoding="UTF-8"?>
<!-- Generated by org.testng.reporters.JUnitReportReporter -->
<testsuite hostname="dj-book" failures="0" tests="4" name="api.test.UserTests" time="7.164" errors="0" timestamp="2024-11-08T09:05:27 IST" skipped="0">
  <testcase classname="api.test.UserTests" name="testPostUser" time="1.329"/>
  <testcase classname="api.test.UserTests" name="testGetUserByName" time="1.302"/>
  <testcase classname="api.test.UserTests" name="testUpdateUser" time="2.981"/>
  <testcase classname="api.test.UserTests" name="testDeleteUserByName" time="1.552"/>
</testsuite> <!-- api.test.UserTests -->
