<?xml version="1.0" encoding="UTF-8"?>
<!-- Generated by org.testng.reporters.JUnitReportReporter -->
<testsuite hostname="dj-book" failures="0" tests="4" name="api.test.UserTests" time="5.998" errors="0" timestamp="2024-11-08T10:30:32 IST" skipped="0">
  <testcase classname="api.test.UserTests" name="testPostUser" time="1.287"/>
  <testcase classname="api.test.UserTests" name="testGetUserByName" time="1.115"/>
  <testcase classname="api.test.UserTests" name="testUpdateUser" time="2.394"/>
  <testcase classname="api.test.UserTests" name="testDeleteUserByName" time="1.202"/>
</testsuite> <!-- api.test.UserTests -->
